\BOOKMARK [1][-]{section.1}{\376\377\000I\000n\000t\000r\000o\000d\000u\000c\000c\000i\000\363\000n}{}% 1
\BOOKMARK [2][-]{subsection.1.1}{\376\377\000C\000o\000n\000t\000e\000x\000t\000o}{section.1}% 2
\BOOKMARK [2][-]{subsection.1.2}{\376\377\000P\000l\000a\000n\000t\000e\000a\000m\000i\000e\000n\000t\000o\000\040\000d\000e\000l\000\040\000P\000r\000o\000b\000l\000e\000m\000a}{section.1}% 3
\BOOKMARK [2][-]{subsection.1.3}{\376\377\000M\000o\000t\000i\000v\000a\000c\000i\000\363\000n}{section.1}% 4
\BOOKMARK [3][-]{subsubsection.1.3.1}{\376\377\000I\000m\000p\000a\000c\000t\000o\000\040\000e\000c\000o\000n\000\363\000m\000i\000c\000o}{subsection.1.3}% 5
\BOOKMARK [3][-]{subsubsection.1.3.2}{\376\377\000A\000u\000s\000e\000n\000c\000i\000a\000\040\000d\000e\000\040\000g\000u\000\355\000a\000s\000\040\000p\000a\000r\000a\000\040\000d\000e\000s\000a\000r\000r\000o\000l\000l\000a\000d\000o\000r\000e\000s}{subsection.1.3}% 6
\BOOKMARK [3][-]{subsubsection.1.3.3}{\376\377\000C\000r\000e\000c\000i\000m\000i\000e\000n\000t\000o\000\040\000a\000c\000e\000l\000e\000r\000a\000d\000o\000\040\000d\000e\000l\000\040\000e\000c\000o\000s\000i\000s\000t\000e\000m\000a\000\040\000M\000C\000P}{subsection.1.3}% 7
\BOOKMARK [3][-]{subsubsection.1.3.4}{\376\377\000V\000a\000c\000\355\000o\000\040\000e\000n\000\040\000l\000a\000\040\000l\000i\000t\000e\000r\000a\000t\000u\000r\000a\000\040\000a\000c\000a\000d\000\351\000m\000i\000c\000a}{subsection.1.3}% 8
\BOOKMARK [2][-]{subsection.1.4}{\376\377\000O\000b\000j\000e\000t\000i\000v\000o\000s}{section.1}% 9
\BOOKMARK [3][-]{subsubsection.1.4.1}{\376\377\000O\000b\000j\000e\000t\000i\000v\000o\000\040\000G\000e\000n\000e\000r\000a\000l}{subsection.1.4}% 10
\BOOKMARK [3][-]{subsubsection.1.4.2}{\376\377\000O\000b\000j\000e\000t\000i\000v\000o\000s\000\040\000E\000s\000p\000e\000c\000\355\000f\000i\000c\000o\000s}{subsection.1.4}% 11
\BOOKMARK [2][-]{subsection.1.5}{\376\377\000H\000i\000p\000\363\000t\000e\000s\000i\000s}{section.1}% 12
\BOOKMARK [2][-]{subsection.1.6}{\376\377\000A\000l\000c\000a\000n\000c\000e\000\040\000y\000\040\000L\000i\000m\000i\000t\000a\000c\000i\000o\000n\000e\000s}{section.1}% 13
\BOOKMARK [1][-]{section.2}{\376\377\000R\000e\000v\000i\000s\000i\000\363\000n\000\040\000d\000e\000\040\000L\000i\000t\000e\000r\000a\000t\000u\000r\000a}{}% 14
\BOOKMARK [2][-]{subsection.2.1}{\376\377\000P\000r\000o\000t\000o\000c\000o\000l\000o\000\040\000M\000C\000P\000\040\000\050\000M\000o\000d\000e\000l\000\040\000C\000o\000n\000t\000e\000x\000t\000\040\000P\000r\000o\000t\000o\000c\000o\000l\000\051}{section.2}% 15
\BOOKMARK [3][-]{subsubsection.2.1.1}{\376\377\000O\000r\000i\000g\000e\000n\000\040\000y\000\040\000m\000o\000t\000i\000v\000a\000c\000i\000\363\000n}{subsection.2.1}% 16
\BOOKMARK [3][-]{subsubsection.2.1.2}{\376\377\000A\000r\000q\000u\000i\000t\000e\000c\000t\000u\000r\000a\000\040\000c\000l\000i\000e\000n\000t\000e\000-\000s\000e\000r\000v\000i\000d\000o\000r}{subsection.2.1}% 17
\BOOKMARK [3][-]{subsubsection.2.1.3}{\376\377\000C\000a\000p\000a\000s\000\040\000d\000e\000l\000\040\000p\000r\000o\000t\000o\000c\000o\000l\000o}{subsection.2.1}% 18
\BOOKMARK [3][-]{subsubsection.2.1.4}{\376\377\000F\000l\000u\000j\000o\000\040\000d\000e\000\040\000i\000n\000t\000e\000r\000a\000c\000c\000i\000\363\000n}{subsection.2.1}% 19
\BOOKMARK [3][-]{subsubsection.2.1.5}{\376\377\000A\000d\000o\000p\000c\000i\000\363\000n\000\040\000d\000e\000l\000\040\000e\000c\000o\000s\000i\000s\000t\000e\000m\000a}{subsection.2.1}% 20
\BOOKMARK [2][-]{subsection.2.2}{\376\377\000E\000j\000e\000c\000u\000c\000i\000\363\000n\000\040\000d\000e\000\040\000C\000\363\000d\000i\000g\000o\000\040\000e\000n\000\040\000L\000L\000M\000s}{section.2}% 21
\BOOKMARK [3][-]{subsubsection.2.2.1}{\376\377\000E\000l\000\040\000p\000a\000t\000r\000\363\000n\000\040\000d\000e\000\040\000A\000n\000t\000h\000r\000o\000p\000i\000c\000:\000\040\000h\000e\000r\000r\000a\000m\000i\000e\000n\000t\000a\000s\000\040\000c\000o\000m\000o\000\040\000c\000\363\000d\000i\000g\000o}{subsection.2.2}% 22
\BOOKMARK [3][-]{subsubsection.2.2.2}{\376\377\000A\000W\000S\000\040\000S\000t\000r\000a\000n\000d\000s\000:\000\040\000c\000o\000d\000e\000\040\000i\000n\000t\000e\000r\000p\000r\000e\000t\000e\000r\000\040\000c\000o\000m\000o\000\040\000h\000e\000r\000r\000a\000m\000i\000e\000n\000t\000a}{subsection.2.2}% 23
\BOOKMARK [3][-]{subsubsection.2.2.3}{\376\377\000E\0002\000B\000:\000\040\000m\000i\000c\000r\000o\000V\000M\000s\000\040\000p\000a\000r\000a\000\040\000e\000j\000e\000c\000u\000c\000i\000\363\000n\000\040\000a\000i\000s\000l\000a\000d\000a}{subsection.2.2}% 24
\BOOKMARK [3][-]{subsubsection.2.2.4}{\376\377\000C\000l\000o\000u\000d\000f\000l\000a\000r\000e\000\040\000W\000o\000r\000k\000e\000r\000s\000:\000\040\000W\000e\000b\000A\000s\000s\000e\000m\000b\000l\000y\000\040\000c\000o\000m\000o\000\040\000s\000a\000n\000d\000b\000o\000x}{subsection.2.2}% 25
\BOOKMARK [3][-]{subsubsection.2.2.5}{\376\377\000C\000o\000m\000p\000a\000r\000a\000c\000i\000\363\000n\000\040\000d\000e\000\040\000e\000n\000f\000o\000q\000u\000e\000s}{subsection.2.2}% 26
\BOOKMARK [2][-]{subsection.2.3}{\376\377\000S\000i\000s\000t\000e\000m\000a\000s\000\040\000M\000u\000l\000t\000i\000-\000A\000g\000e\000n\000t\000e}{section.2}% 27
\BOOKMARK [3][-]{subsubsection.2.3.1}{\376\377\000T\000o\000p\000o\000l\000o\000g\000\355\000a\000s\000\040\000d\000e\000\040\000o\000r\000q\000u\000e\000s\000t\000a\000c\000i\000\363\000n}{subsection.2.3}% 28
\BOOKMARK [3][-]{subsubsection.2.3.2}{\376\377\000F\000r\000a\000m\000e\000w\000o\000r\000k\000s\000\040\000e\000x\000i\000s\000t\000e\000n\000t\000e\000s}{subsection.2.3}% 29
\BOOKMARK [3][-]{subsubsection.2.3.3}{\376\377\000P\000a\000t\000r\000o\000n\000e\000s\000\040\000d\000e\000\040\000c\000o\000m\000u\000n\000i\000c\000a\000c\000i\000\363\000n}{subsection.2.3}% 30
\BOOKMARK [2][-]{subsection.2.4}{\376\377\000B\000e\000n\000c\000h\000m\000a\000r\000k\000s\000\040\000E\000x\000i\000s\000t\000e\000n\000t\000e\000s}{section.2}% 31
\BOOKMARK [3][-]{subsubsection.2.4.1}{\376\377\000B\000e\000n\000c\000h\000m\000a\000r\000k\000s\000\040\000d\000e\000\040\000t\000o\000o\000l\000-\000u\000s\000e}{subsection.2.4}% 32
\BOOKMARK [3][-]{subsubsection.2.4.2}{\376\377\000B\000e\000n\000c\000h\000m\000a\000r\000k\000s\000\040\000d\000e\000\040\000a\000g\000e\000n\000t\000e\000s}{subsection.2.4}% 33
\BOOKMARK [3][-]{subsubsection.2.4.3}{\376\377\000E\000l\000\040\000v\000a\000c\000\355\000o\000\040\000i\000d\000e\000n\000t\000i\000f\000i\000c\000a\000d\000o}{subsection.2.4}% 34
\BOOKMARK [2][-]{subsection.2.5}{\376\377\000S\000a\000n\000d\000b\000o\000x\000i\000n\000g\000\040\000y\000\040\000S\000e\000g\000u\000r\000i\000d\000a\000d}{section.2}% 35
\BOOKMARK [3][-]{subsubsection.2.5.1}{\376\377\000M\000o\000d\000e\000l\000o\000\040\000d\000e\000\040\000a\000m\000e\000n\000a\000z\000a\000s}{subsection.2.5}% 36
\BOOKMARK [3][-]{subsubsection.2.5.2}{\376\377\000E\000s\000t\000r\000a\000t\000e\000g\000i\000a\000s\000\040\000d\000e\000\040\000m\000i\000t\000i\000g\000a\000c\000i\000\363\000n\000\040\000e\000n\000\040\000D\000o\000c\000k\000e\000r}{subsection.2.5}% 37
\BOOKMARK [3][-]{subsubsection.2.5.3}{\376\377\000A\000l\000t\000e\000r\000n\000a\000t\000i\000v\000a\000s\000\040\000d\000e\000\040\000a\000i\000s\000l\000a\000m\000i\000e\000n\000t\000o}{subsection.2.5}% 38
\BOOKMARK [3][-]{subsubsection.2.5.4}{\376\377\000I\000m\000p\000l\000i\000c\000a\000c\000i\000o\000n\000e\000s\000\040\000p\000a\000r\000a\000\040\000l\000a\000\040\000i\000n\000v\000e\000s\000t\000i\000g\000a\000c\000i\000\363\000n}{subsection.2.5}% 39
\BOOKMARK [1][-]{section.3}{\376\377\000M\000a\000r\000c\000o\000\040\000T\000e\000\363\000r\000i\000c\000o}{}% 40
\BOOKMARK [2][-]{subsection.3.1}{\376\377\000A\000r\000q\000u\000i\000t\000e\000c\000t\000u\000r\000a\000\040\000M\000C\000P}{section.3}% 41
\BOOKMARK [2][-]{subsection.3.2}{\376\377\000M\000e\000c\000\341\000n\000i\000c\000a\000\040\000d\000e\000\040\000T\000o\000o\000l\000\040\000C\000a\000l\000l\000i\000n\000g}{section.3}% 42
\BOOKMARK [2][-]{subsection.3.3}{\376\377\000E\000j\000e\000c\000u\000c\000i\000\363\000n\000\040\000d\000e\000\040\000C\000\363\000d\000i\000g\000o\000\040\000e\000n\000\040\000S\000a\000n\000d\000b\000o\000x}{section.3}% 43
\BOOKMARK [2][-]{subsection.3.4}{\376\377\000T\000o\000p\000o\000l\000o\000g\000\355\000a\000s\000\040\000M\000u\000l\000t\000i\000-\000A\000g\000e\000n\000t\000e}{section.3}% 44
\BOOKMARK [2][-]{subsection.3.5}{\376\377\000E\000c\000o\000n\000o\000m\000\355\000a\000\040\000d\000e\000\040\000T\000o\000k\000e\000n\000s}{section.3}% 45
\BOOKMARK [1][-]{section.4}{\376\377\000D\000i\000s\000e\000\361\000o\000\040\000E\000x\000p\000e\000r\000i\000m\000e\000n\000t\000a\000l}{}% 46
\BOOKMARK [2][-]{subsection.4.1}{\376\377\000M\000a\000t\000r\000i\000z\000\040\000F\000a\000c\000t\000o\000r\000i\000a\000l\000\040\0002\0002}{section.4}% 47
\BOOKMARK [2][-]{subsection.4.2}{\376\377\000S\000u\000i\000t\000e\000\040\000d\000e\000\040\000T\000a\000r\000e\000a\000s}{section.4}% 48
\BOOKMARK [2][-]{subsection.4.3}{\376\377\000S\000e\000r\000v\000i\000d\000o\000r\000e\000s\000\040\000M\000C\000P\000\040\000U\000t\000i\000l\000i\000z\000a\000d\000o\000s}{section.4}% 49
\BOOKMARK [2][-]{subsection.4.4}{\376\377\000M\000\351\000t\000r\000i\000c\000a\000s}{section.4}% 50
\BOOKMARK [2][-]{subsection.4.5}{\376\377\000V\000a\000r\000i\000a\000b\000l\000e\000s\000\040\000d\000e\000\040\000C\000o\000n\000t\000r\000o\000l}{section.4}% 51
\BOOKMARK [1][-]{section.5}{\376\377\000M\000e\000t\000o\000d\000o\000l\000o\000g\000\355\000a}{}% 52
\BOOKMARK [2][-]{subsection.5.1}{\376\377\000I\000m\000p\000l\000e\000m\000e\000n\000t\000a\000c\000i\000\363\000n\000\040\000d\000e\000l\000\040\000F\000r\000a\000m\000e\000w\000o\000r\000k}{section.5}% 53
\BOOKMARK [2][-]{subsection.5.2}{\376\377\000S\000a\000n\000d\000b\000o\000x\000\040\000D\000o\000c\000k\000e\000r}{section.5}% 54
\BOOKMARK [2][-]{subsection.5.3}{\376\377\000S\000e\000r\000v\000i\000d\000o\000r\000e\000s\000\040\000M\000C\000P}{section.5}% 55
\BOOKMARK [2][-]{subsection.5.4}{\376\377\000R\000u\000n\000n\000e\000r\000\040\000d\000e\000\040\000E\000x\000p\000e\000r\000i\000m\000e\000n\000t\000o\000s}{section.5}% 56
\BOOKMARK [2][-]{subsection.5.5}{\376\377\000S\000i\000s\000t\000e\000m\000a\000\040\000d\000e\000\040\000E\000v\000a\000l\000u\000a\000c\000i\000\363\000n}{section.5}% 57
\BOOKMARK [1][-]{section.6}{\376\377\000R\000e\000s\000u\000l\000t\000a\000d\000o\000s}{}% 58
\BOOKMARK [2][-]{subsection.6.1}{\376\377\000R\000e\000s\000u\000l\000t\000a\000d\000o\000s\000\040\000p\000o\000r\000\040\000A\000r\000q\000u\000i\000t\000e\000c\000t\000u\000r\000a}{section.6}% 59
\BOOKMARK [2][-]{subsection.6.2}{\376\377\000A\000n\000\341\000l\000i\000s\000i\000s\000\040\000d\000e\000\040\000T\000o\000k\000e\000n\000s}{section.6}% 60
\BOOKMARK [2][-]{subsection.6.3}{\376\377\000A\000n\000\341\000l\000i\000s\000i\000s\000\040\000d\000e\000\040\000L\000a\000t\000e\000n\000c\000i\000a}{section.6}% 61
\BOOKMARK [2][-]{subsection.6.4}{\376\377\000A\000n\000\341\000l\000i\000s\000i\000s\000\040\000d\000e\000\040\000P\000r\000e\000c\000i\000s\000i\000\363\000n}{section.6}% 62
\BOOKMARK [2][-]{subsection.6.5}{\376\377\000A\000n\000\341\000l\000i\000s\000i\000s\000\040\000E\000s\000t\000a\000d\000\355\000s\000t\000i\000c\000o}{section.6}% 63
\BOOKMARK [1][-]{section.7}{\376\377\000M\000o\000d\000e\000l\000o\000\040\000d\000e\000\040\000D\000e\000c\000i\000s\000i\000\363\000n}{}% 64
\BOOKMARK [2][-]{subsection.7.1}{\376\377\000F\000e\000a\000t\000u\000r\000e\000\040\000E\000n\000g\000i\000n\000e\000e\000r\000i\000n\000g}{section.7}% 65
\BOOKMARK [2][-]{subsection.7.2}{\376\377\000E\000n\000t\000r\000e\000n\000a\000m\000i\000e\000n\000t\000o\000\040\000d\000e\000l\000\040\000C\000l\000a\000s\000i\000f\000i\000c\000a\000d\000o\000r}{section.7}% 66
\BOOKMARK [2][-]{subsection.7.3}{\376\377\000V\000a\000l\000i\000d\000a\000c\000i\000\363\000n}{section.7}% 67
\BOOKMARK [2][-]{subsection.7.4}{\376\377\000\301\000r\000b\000o\000l\000\040\000d\000e\000\040\000D\000e\000c\000i\000s\000i\000\363\000n\000\040\000I\000n\000t\000e\000r\000p\000r\000e\000t\000a\000b\000l\000e}{section.7}% 68
\BOOKMARK [1][-]{section.8}{\376\377\000D\000i\000s\000c\000u\000s\000i\000\363\000n}{}% 69
\BOOKMARK [2][-]{subsection.8.1}{\376\377\000I\000n\000t\000e\000r\000p\000r\000e\000t\000a\000c\000i\000\363\000n\000\040\000d\000e\000\040\000R\000e\000s\000u\000l\000t\000a\000d\000o\000s}{section.8}% 70
\BOOKMARK [2][-]{subsection.8.2}{\376\377\000C\000o\000m\000p\000a\000r\000a\000c\000i\000\363\000n\000\040\000c\000o\000n\000\040\000L\000i\000t\000e\000r\000a\000t\000u\000r\000a}{section.8}% 71
\BOOKMARK [2][-]{subsection.8.3}{\376\377\000A\000n\000\341\000l\000i\000s\000i\000s\000\040\000d\000e\000\040\000M\000o\000d\000o\000s\000\040\000d\000e\000\040\000F\000a\000l\000l\000o}{section.8}% 72
\BOOKMARK [2][-]{subsection.8.4}{\376\377\000I\000m\000p\000l\000i\000c\000a\000c\000i\000o\000n\000e\000s\000\040\000P\000r\000\341\000c\000t\000i\000c\000a\000s}{section.8}% 73
\BOOKMARK [1][-]{section.9}{\376\377\000C\000o\000n\000c\000l\000u\000s\000i\000o\000n\000e\000s}{}% 74
\BOOKMARK [2][-]{subsection.9.1}{\376\377\000R\000e\000s\000u\000m\000e\000n\000\040\000d\000e\000\040\000H\000a\000l\000l\000a\000z\000g\000o\000s}{section.9}% 75
\BOOKMARK [2][-]{subsection.9.2}{\376\377\000C\000o\000n\000t\000r\000i\000b\000u\000c\000i\000o\000n\000e\000s}{section.9}% 76
\BOOKMARK [2][-]{subsection.9.3}{\376\377\000T\000r\000a\000b\000a\000j\000o\000\040\000F\000u\000t\000u\000r\000o}{section.9}% 77
\BOOKMARK [1][-]{appendix.Alph1}{\376\377\000A\000p\000\351\000n\000d\000i\000c\000e}{}% 78
\BOOKMARK [2][-]{subsection.Alph1.1}{\376\377\000C\000\363\000d\000i\000g\000o\000\040\000F\000u\000e\000n\000t\000e\000\040\000d\000e\000\040\000S\000e\000r\000v\000i\000d\000o\000r\000e\000s\000\040\000M\000C\000P}{appendix.Alph1}% 79
\BOOKMARK [2][-]{subsection.Alph1.2}{\376\377\000T\000a\000b\000l\000a\000s\000\040\000C\000o\000m\000p\000l\000e\000t\000a\000s\000\040\000d\000e\000\040\000R\000e\000s\000u\000l\000t\000a\000d\000o\000s}{appendix.Alph1}% 80
\BOOKMARK [2][-]{subsection.Alph1.3}{\376\377\000E\000s\000q\000u\000e\000m\000a\000s\000\040\000d\000e\000\040\000S\000e\000r\000v\000i\000d\000o\000r\000e\000s\000\040\000M\000C\000P}{appendix.Alph1}% 81
\BOOKMARK [2][-]{subsection.Alph1.4}{\376\377\000P\000r\000o\000m\000p\000t\000s\000\040\000U\000t\000i\000l\000i\000z\000a\000d\000o\000s}{appendix.Alph1}% 82
